<?xml version="1.0" encoding="UTF-8"?>
<!-- Generated by org.testng.reporters.JUnitXMLReporter -->
<testsuite ignored="0" hostname="DESKTOP-IPRTR4S" failures="0" tests="3" name="myTest" time="0.358" errors="0" timestamp="2022-08-02T17:00:14 IST">
  <testcase classname="tpack.Fourclass" name="methodfive" time="0.033"/>
  <testcase classname="tpack.Fourclass" name="methodsix" time="0.01"/>
  <testcase classname="mavenprojectdemo.Twoclass" name="methodtwo" time="0.013"/>
</testsuite> <!-- myTest -->
